<?xml version="1.0" encoding="UTF-8"?>
<!-- Generated by org.testng.reporters.JUnitReportReporter -->
<testsuite hostname="Mukeshs-MacBook-Pro.local" failures="0" tests="1" name="testcases.LoginTest" time="15.229" errors="0" timestamp="04 Aug 2024 15:13:12 GMT" skipped="0">
  <testcase classname="testcases.LoginTest" name="TC05_LoginFailureTest" time="15.229"/>
</testsuite> <!-- testcases.LoginTest -->
