<?xml version="1.0" encoding="UTF-8"?>
<!-- Generated by org.testng.reporters.JUnitReportReporter -->
<testsuite hostname="Mukeshs-MacBook-Pro.local" failures="0" tests="1" name="testcases.HomePageTest" time="4.374" errors="0" timestamp="31 Jul 2024 11:40:38 GMT" skipped="0">
  <testcase classname="testcases.HomePageTest" name="TC03_SomeName" time="4.374"/>
</testsuite> <!-- testcases.HomePageTest -->
